<?xml version="1.0" encoding="UTF-8"?>
<!-- Generated by org.testng.reporters.JUnitReportReporter -->
<testsuite skipped="0" hostname="ANISHA" name="com.orangehrmlive.demo.testsuite.ForgotPasswordTest" tests="1" failures="0" timestamp="2022-12-11T23:16:26 GMT" time="13.250" errors="0">
  <testcase name="userShouldNavigateToForgotPasswordPageSuccessfully" time="13.250" classname="com.orangehrmlive.demo.testsuite.ForgotPasswordTest"/>
  <system-out>
    <![CDATA[Click on ForgotPasswordLink
Error Message Displayed]]>
  </system-out>
</testsuite> <!-- com.orangehrmlive.demo.testsuite.ForgotPasswordTest -->
